  MergeSortOpenGL.cpp
C:\VSProjects\MergeSortOpenGL\MergeSortOpenGL\MergeSortOpenGL.cpp(134,63): warning C4244: 'argument': conversion from 'int' to 'GLfloat', possible loss of data
C:\VSProjects\MergeSortOpenGL\MergeSortOpenGL\MergeSortOpenGL.cpp(134,42): warning C4244: 'argument': conversion from 'double' to 'GLfloat', possible loss of data
C:\VSProjects\MergeSortOpenGL\MergeSortOpenGL\MergeSortOpenGL.cpp(135,32): warning C4244: 'argument': conversion from 'int' to 'GLfloat', possible loss of data
C:\VSProjects\MergeSortOpenGL\MergeSortOpenGL\MergeSortOpenGL.cpp(135,24): warning C4244: 'argument': conversion from 'int' to 'GLfloat', possible loss of data
C:\VSProjects\MergeSortOpenGL\MergeSortOpenGL\MergeSortOpenGL.cpp(136,39): warning C4244: 'argument': conversion from 'int' to 'GLfloat', possible loss of data
C:\VSProjects\MergeSortOpenGL\MergeSortOpenGL\MergeSortOpenGL.cpp(136,24): warning C4244: 'argument': conversion from 'int' to 'GLfloat', possible loss of data
C:\VSProjects\MergeSortOpenGL\MergeSortOpenGL\MergeSortOpenGL.cpp(137,74): warning C4244: 'argument': conversion from 'int' to 'GLfloat', possible loss of data
C:\VSProjects\MergeSortOpenGL\MergeSortOpenGL\MergeSortOpenGL.cpp(137,43): warning C4244: 'argument': conversion from 'double' to 'GLfloat', possible loss of data
C:\VSProjects\MergeSortOpenGL\MergeSortOpenGL\MergeSortOpenGL.cpp(142,48): warning C4244: 'argument': conversion from 'int' to 'GLfloat', possible loss of data
C:\VSProjects\MergeSortOpenGL\MergeSortOpenGL\MergeSortOpenGL.cpp(142,31): warning C4244: 'argument': conversion from 'int' to 'GLfloat', possible loss of data
C:\VSProjects\MergeSortOpenGL\MergeSortOpenGL\MergeSortOpenGL.cpp(143,58): warning C4244: 'argument': conversion from 'int' to 'GLfloat', possible loss of data
C:\VSProjects\MergeSortOpenGL\MergeSortOpenGL\MergeSortOpenGL.cpp(143,32): warning C4244: 'argument': conversion from 'int' to 'GLfloat', possible loss of data
C:\VSProjects\MergeSortOpenGL\MergeSortOpenGL\MergeSortOpenGL.cpp(148,67): warning C4244: 'argument': conversion from 'int' to 'GLfloat', possible loss of data
C:\VSProjects\MergeSortOpenGL\MergeSortOpenGL\MergeSortOpenGL.cpp(148,43): warning C4244: 'argument': conversion from 'double' to 'GLfloat', possible loss of data
C:\VSProjects\MergeSortOpenGL\MergeSortOpenGL\MergeSortOpenGL.cpp(149,32): warning C4244: 'argument': conversion from 'int' to 'GLfloat', possible loss of data
C:\VSProjects\MergeSortOpenGL\MergeSortOpenGL\MergeSortOpenGL.cpp(149,24): warning C4244: 'argument': conversion from 'int' to 'GLfloat', possible loss of data
C:\VSProjects\MergeSortOpenGL\MergeSortOpenGL\MergeSortOpenGL.cpp(150,40): warning C4244: 'argument': conversion from 'int' to 'GLfloat', possible loss of data
C:\VSProjects\MergeSortOpenGL\MergeSortOpenGL\MergeSortOpenGL.cpp(150,24): warning C4244: 'argument': conversion from 'int' to 'GLfloat', possible loss of data
C:\VSProjects\MergeSortOpenGL\MergeSortOpenGL\MergeSortOpenGL.cpp(151,74): warning C4244: 'argument': conversion from 'int' to 'GLfloat', possible loss of data
C:\VSProjects\MergeSortOpenGL\MergeSortOpenGL\MergeSortOpenGL.cpp(151,43): warning C4244: 'argument': conversion from 'double' to 'GLfloat', possible loss of data
C:\VSProjects\MergeSortOpenGL\MergeSortOpenGL\MergeSortOpenGL.cpp(152,74): warning C4244: 'argument': conversion from 'int' to 'GLfloat', possible loss of data
C:\VSProjects\MergeSortOpenGL\MergeSortOpenGL\MergeSortOpenGL.cpp(152,43): warning C4244: 'argument': conversion from 'double' to 'GLfloat', possible loss of data
C:\VSProjects\MergeSortOpenGL\MergeSortOpenGL\MergeSortOpenGL.cpp(153,39): warning C4244: 'argument': conversion from 'int' to 'GLfloat', possible loss of data
C:\VSProjects\MergeSortOpenGL\MergeSortOpenGL\MergeSortOpenGL.cpp(153,24): warning C4244: 'argument': conversion from 'int' to 'GLfloat', possible loss of data
C:\VSProjects\MergeSortOpenGL\MergeSortOpenGL\MergeSortOpenGL.cpp(158,69): warning C4244: 'argument': conversion from 'int' to 'GLfloat', possible loss of data
C:\VSProjects\MergeSortOpenGL\MergeSortOpenGL\MergeSortOpenGL.cpp(158,45): warning C4244: 'argument': conversion from 'double' to 'GLfloat', possible loss of data
C:\VSProjects\MergeSortOpenGL\MergeSortOpenGL\MergeSortOpenGL.cpp(159,33): warning C4244: 'argument': conversion from 'int' to 'GLfloat', possible loss of data
C:\VSProjects\MergeSortOpenGL\MergeSortOpenGL\MergeSortOpenGL.cpp(159,24): warning C4244: 'argument': conversion from 'int' to 'GLfloat', possible loss of data
C:\VSProjects\MergeSortOpenGL\MergeSortOpenGL\MergeSortOpenGL.cpp(160,41): warning C4244: 'argument': conversion from 'int' to 'GLfloat', possible loss of data
C:\VSProjects\MergeSortOpenGL\MergeSortOpenGL\MergeSortOpenGL.cpp(160,24): warning C4244: 'argument': conversion from 'int' to 'GLfloat', possible loss of data
C:\VSProjects\MergeSortOpenGL\MergeSortOpenGL\MergeSortOpenGL.cpp(161,78): warning C4244: 'argument': conversion from 'int' to 'GLfloat', possible loss of data
C:\VSProjects\MergeSortOpenGL\MergeSortOpenGL\MergeSortOpenGL.cpp(161,45): warning C4244: 'argument': conversion from 'double' to 'GLfloat', possible loss of data
C:\VSProjects\MergeSortOpenGL\MergeSortOpenGL\MergeSortOpenGL.cpp(164,39): warning C4244: 'argument': conversion from 'int' to 'GLfloat', possible loss of data
C:\VSProjects\MergeSortOpenGL\MergeSortOpenGL\MergeSortOpenGL.cpp(164,24): warning C4244: 'argument': conversion from 'int' to 'GLfloat', possible loss of data
C:\VSProjects\MergeSortOpenGL\MergeSortOpenGL\MergeSortOpenGL.cpp(165,74): warning C4244: 'argument': conversion from 'int' to 'GLfloat', possible loss of data
C:\VSProjects\MergeSortOpenGL\MergeSortOpenGL\MergeSortOpenGL.cpp(165,43): warning C4244: 'argument': conversion from 'double' to 'GLfloat', possible loss of data
C:\VSProjects\MergeSortOpenGL\MergeSortOpenGL\MergeSortOpenGL.cpp(170,63): warning C4244: 'argument': conversion from 'int' to 'GLfloat', possible loss of data
C:\VSProjects\MergeSortOpenGL\MergeSortOpenGL\MergeSortOpenGL.cpp(170,42): warning C4244: 'argument': conversion from 'double' to 'GLfloat', possible loss of data
C:\VSProjects\MergeSortOpenGL\MergeSortOpenGL\MergeSortOpenGL.cpp(171,75): warning C4244: 'argument': conversion from 'int' to 'GLfloat', possible loss of data
C:\VSProjects\MergeSortOpenGL\MergeSortOpenGL\MergeSortOpenGL.cpp(171,45): warning C4244: 'argument': conversion from 'double' to 'GLfloat', possible loss of data
C:\VSProjects\MergeSortOpenGL\MergeSortOpenGL\MergeSortOpenGL.cpp(172,41): warning C4244: 'argument': conversion from 'int' to 'GLfloat', possible loss of data
C:\VSProjects\MergeSortOpenGL\MergeSortOpenGL\MergeSortOpenGL.cpp(172,24): warning C4244: 'argument': conversion from 'int' to 'GLfloat', possible loss of data
C:\VSProjects\MergeSortOpenGL\MergeSortOpenGL\MergeSortOpenGL.cpp(173,32): warning C4244: 'argument': conversion from 'int' to 'GLfloat', possible loss of data
C:\VSProjects\MergeSortOpenGL\MergeSortOpenGL\MergeSortOpenGL.cpp(173,24): warning C4244: 'argument': conversion from 'int' to 'GLfloat', possible loss of data
C:\VSProjects\MergeSortOpenGL\MergeSortOpenGL\MergeSortOpenGL.cpp(174,39): warning C4244: 'argument': conversion from 'int' to 'GLfloat', possible loss of data
C:\VSProjects\MergeSortOpenGL\MergeSortOpenGL\MergeSortOpenGL.cpp(174,24): warning C4244: 'argument': conversion from 'int' to 'GLfloat', possible loss of data
C:\VSProjects\MergeSortOpenGL\MergeSortOpenGL\MergeSortOpenGL.cpp(179,33): warning C4244: 'argument': conversion from 'int' to 'GLfloat', possible loss of data
C:\VSProjects\MergeSortOpenGL\MergeSortOpenGL\MergeSortOpenGL.cpp(179,24): warning C4244: 'argument': conversion from 'int' to 'GLfloat', possible loss of data
C:\VSProjects\MergeSortOpenGL\MergeSortOpenGL\MergeSortOpenGL.cpp(180,68): warning C4244: 'argument': conversion from 'int' to 'GLfloat', possible loss of data
C:\VSProjects\MergeSortOpenGL\MergeSortOpenGL\MergeSortOpenGL.cpp(180,45): warning C4244: 'argument': conversion from 'double' to 'GLfloat', possible loss of data
C:\VSProjects\MergeSortOpenGL\MergeSortOpenGL\MergeSortOpenGL.cpp(181,76): warning C4244: 'argument': conversion from 'int' to 'GLfloat', possible loss of data
C:\VSProjects\MergeSortOpenGL\MergeSortOpenGL\MergeSortOpenGL.cpp(181,45): warning C4244: 'argument': conversion from 'double' to 'GLfloat', possible loss of data
C:\VSProjects\MergeSortOpenGL\MergeSortOpenGL\MergeSortOpenGL.cpp(182,41): warning C4244: 'argument': conversion from 'int' to 'GLfloat', possible loss of data
C:\VSProjects\MergeSortOpenGL\MergeSortOpenGL\MergeSortOpenGL.cpp(182,24): warning C4244: 'argument': conversion from 'int' to 'GLfloat', possible loss of data
C:\VSProjects\MergeSortOpenGL\MergeSortOpenGL\MergeSortOpenGL.cpp(183,41): warning C4244: 'argument': conversion from 'int' to 'GLfloat', possible loss of data
C:\VSProjects\MergeSortOpenGL\MergeSortOpenGL\MergeSortOpenGL.cpp(183,24): warning C4244: 'argument': conversion from 'int' to 'GLfloat', possible loss of data
C:\VSProjects\MergeSortOpenGL\MergeSortOpenGL\MergeSortOpenGL.cpp(184,76): warning C4244: 'argument': conversion from 'int' to 'GLfloat', possible loss of data
C:\VSProjects\MergeSortOpenGL\MergeSortOpenGL\MergeSortOpenGL.cpp(184,45): warning C4244: 'argument': conversion from 'double' to 'GLfloat', possible loss of data
C:\VSProjects\MergeSortOpenGL\MergeSortOpenGL\MergeSortOpenGL.cpp(189,32): warning C4244: 'argument': conversion from 'int' to 'GLfloat', possible loss of data
C:\VSProjects\MergeSortOpenGL\MergeSortOpenGL\MergeSortOpenGL.cpp(189,24): warning C4244: 'argument': conversion from 'int' to 'GLfloat', possible loss of data
C:\VSProjects\MergeSortOpenGL\MergeSortOpenGL\MergeSortOpenGL.cpp(190,70): warning C4244: 'argument': conversion from 'int' to 'GLfloat', possible loss of data
C:\VSProjects\MergeSortOpenGL\MergeSortOpenGL\MergeSortOpenGL.cpp(190,45): warning C4244: 'argument': conversion from 'double' to 'GLfloat', possible loss of data
C:\VSProjects\MergeSortOpenGL\MergeSortOpenGL\MergeSortOpenGL.cpp(191,77): warning C4244: 'argument': conversion from 'int' to 'GLfloat', possible loss of data
C:\VSProjects\MergeSortOpenGL\MergeSortOpenGL\MergeSortOpenGL.cpp(191,45): warning C4244: 'argument': conversion from 'double' to 'GLfloat', possible loss of data
C:\VSProjects\MergeSortOpenGL\MergeSortOpenGL\MergeSortOpenGL.cpp(192,41): warning C4244: 'argument': conversion from 'int' to 'GLfloat', possible loss of data
C:\VSProjects\MergeSortOpenGL\MergeSortOpenGL\MergeSortOpenGL.cpp(192,24): warning C4244: 'argument': conversion from 'int' to 'GLfloat', possible loss of data
C:\VSProjects\MergeSortOpenGL\MergeSortOpenGL\MergeSortOpenGL.cpp(193,41): warning C4244: 'argument': conversion from 'int' to 'GLfloat', possible loss of data
C:\VSProjects\MergeSortOpenGL\MergeSortOpenGL\MergeSortOpenGL.cpp(193,24): warning C4244: 'argument': conversion from 'int' to 'GLfloat', possible loss of data
C:\VSProjects\MergeSortOpenGL\MergeSortOpenGL\MergeSortOpenGL.cpp(194,78): warning C4244: 'argument': conversion from 'int' to 'GLfloat', possible loss of data
C:\VSProjects\MergeSortOpenGL\MergeSortOpenGL\MergeSortOpenGL.cpp(194,45): warning C4244: 'argument': conversion from 'double' to 'GLfloat', possible loss of data
C:\VSProjects\MergeSortOpenGL\MergeSortOpenGL\MergeSortOpenGL.cpp(199,63): warning C4244: 'argument': conversion from 'int' to 'GLfloat', possible loss of data
C:\VSProjects\MergeSortOpenGL\MergeSortOpenGL\MergeSortOpenGL.cpp(199,42): warning C4244: 'argument': conversion from 'double' to 'GLfloat', possible loss of data
C:\VSProjects\MergeSortOpenGL\MergeSortOpenGL\MergeSortOpenGL.cpp(200,32): warning C4244: 'argument': conversion from 'int' to 'GLfloat', possible loss of data
C:\VSProjects\MergeSortOpenGL\MergeSortOpenGL\MergeSortOpenGL.cpp(200,24): warning C4244: 'argument': conversion from 'int' to 'GLfloat', possible loss of data
C:\VSProjects\MergeSortOpenGL\MergeSortOpenGL\MergeSortOpenGL.cpp(201,39): warning C4244: 'argument': conversion from 'int' to 'GLfloat', possible loss of data
C:\VSProjects\MergeSortOpenGL\MergeSortOpenGL\MergeSortOpenGL.cpp(201,24): warning C4244: 'argument': conversion from 'int' to 'GLfloat', possible loss of data
C:\VSProjects\MergeSortOpenGL\MergeSortOpenGL\MergeSortOpenGL.cpp(206,70): warning C4244: 'argument': conversion from 'int' to 'GLfloat', possible loss of data
C:\VSProjects\MergeSortOpenGL\MergeSortOpenGL\MergeSortOpenGL.cpp(206,45): warning C4244: 'argument': conversion from 'double' to 'GLfloat', possible loss of data
C:\VSProjects\MergeSortOpenGL\MergeSortOpenGL\MergeSortOpenGL.cpp(207,33): warning C4244: 'argument': conversion from 'int' to 'GLfloat', possible loss of data
C:\VSProjects\MergeSortOpenGL\MergeSortOpenGL\MergeSortOpenGL.cpp(207,24): warning C4244: 'argument': conversion from 'int' to 'GLfloat', possible loss of data
C:\VSProjects\MergeSortOpenGL\MergeSortOpenGL\MergeSortOpenGL.cpp(208,41): warning C4244: 'argument': conversion from 'int' to 'GLfloat', possible loss of data
C:\VSProjects\MergeSortOpenGL\MergeSortOpenGL\MergeSortOpenGL.cpp(208,24): warning C4244: 'argument': conversion from 'int' to 'GLfloat', possible loss of data
C:\VSProjects\MergeSortOpenGL\MergeSortOpenGL\MergeSortOpenGL.cpp(209,78): warning C4244: 'argument': conversion from 'int' to 'GLfloat', possible loss of data
C:\VSProjects\MergeSortOpenGL\MergeSortOpenGL\MergeSortOpenGL.cpp(209,45): warning C4244: 'argument': conversion from 'double' to 'GLfloat', possible loss of data
C:\VSProjects\MergeSortOpenGL\MergeSortOpenGL\MergeSortOpenGL.cpp(212,41): warning C4244: 'argument': conversion from 'int' to 'GLfloat', possible loss of data
C:\VSProjects\MergeSortOpenGL\MergeSortOpenGL\MergeSortOpenGL.cpp(212,24): warning C4244: 'argument': conversion from 'int' to 'GLfloat', possible loss of data
C:\VSProjects\MergeSortOpenGL\MergeSortOpenGL\MergeSortOpenGL.cpp(213,78): warning C4244: 'argument': conversion from 'int' to 'GLfloat', possible loss of data
C:\VSProjects\MergeSortOpenGL\MergeSortOpenGL\MergeSortOpenGL.cpp(213,45): warning C4244: 'argument': conversion from 'double' to 'GLfloat', possible loss of data
C:\VSProjects\MergeSortOpenGL\MergeSortOpenGL\MergeSortOpenGL.cpp(218,39): warning C4244: 'argument': conversion from 'int' to 'GLfloat', possible loss of data
C:\VSProjects\MergeSortOpenGL\MergeSortOpenGL\MergeSortOpenGL.cpp(218,24): warning C4244: 'argument': conversion from 'int' to 'GLfloat', possible loss of data
C:\VSProjects\MergeSortOpenGL\MergeSortOpenGL\MergeSortOpenGL.cpp(219,72): warning C4244: 'argument': conversion from 'int' to 'GLfloat', possible loss of data
C:\VSProjects\MergeSortOpenGL\MergeSortOpenGL\MergeSortOpenGL.cpp(219,42): warning C4244: 'argument': conversion from 'double' to 'GLfloat', possible loss of data
C:\VSProjects\MergeSortOpenGL\MergeSortOpenGL\MergeSortOpenGL.cpp(220,64): warning C4244: 'argument': conversion from 'int' to 'GLfloat', possible loss of data
C:\VSProjects\MergeSortOpenGL\MergeSortOpenGL\MergeSortOpenGL.cpp(220,42): warning C4244: 'argument': conversion from 'double' to 'GLfloat', possible loss of data
C:\VSProjects\MergeSortOpenGL\MergeSortOpenGL\MergeSortOpenGL.cpp(221,33): warning C4244: 'argument': conversion from 'int' to 'GLfloat', possible loss of data
C:\VSProjects\MergeSortOpenGL\MergeSortOpenGL\MergeSortOpenGL.cpp(221,24): warning C4244: 'argument': conversion from 'int' to 'GLfloat', possible loss of data
C:\VSProjects\MergeSortOpenGL\MergeSortOpenGL\MergeSortOpenGL.cpp(222,40): warning C4244: 'argument': conversion from 'int' to 'GLfloat', possible loss of data
C:\VSProjects\MergeSortOpenGL\MergeSortOpenGL\MergeSortOpenGL.cpp(222,24): warning C4244: 'argument': conversion from 'int' to 'GLfloat', possible loss of data
C:\VSProjects\MergeSortOpenGL\MergeSortOpenGL\MergeSortOpenGL.cpp(230,35): warning C4244: 'argument': conversion from 'int' to 'GLfloat', possible loss of data
C:\VSProjects\MergeSortOpenGL\MergeSortOpenGL\MergeSortOpenGL.cpp(230,20): warning C4244: 'argument': conversion from 'int' to 'GLfloat', possible loss of data
C:\VSProjects\MergeSortOpenGL\MergeSortOpenGL\MergeSortOpenGL.cpp(231,68): warning C4244: 'argument': conversion from 'int' to 'GLfloat', possible loss of data
C:\VSProjects\MergeSortOpenGL\MergeSortOpenGL\MergeSortOpenGL.cpp(231,38): warning C4244: 'argument': conversion from 'double' to 'GLfloat', possible loss of data
C:\VSProjects\MergeSortOpenGL\MergeSortOpenGL\MergeSortOpenGL.cpp(250,79): warning C4244: 'argument': conversion from 'int' to 'GLfloat', possible loss of data
C:\VSProjects\MergeSortOpenGL\MergeSortOpenGL\MergeSortOpenGL.cpp(250,50): warning C4244: 'argument': conversion from 'int' to 'GLfloat', possible loss of data
C:\VSProjects\MergeSortOpenGL\MergeSortOpenGL\MergeSortOpenGL.cpp(257,79): warning C4244: 'argument': conversion from 'int' to 'GLfloat', possible loss of data
C:\VSProjects\MergeSortOpenGL\MergeSortOpenGL\MergeSortOpenGL.cpp(257,50): warning C4244: 'argument': conversion from 'int' to 'GLfloat', possible loss of data
C:\VSProjects\MergeSortOpenGL\MergeSortOpenGL\MergeSortOpenGL.cpp(273,36): warning C4305: 'argument': truncation from 'double' to 'GLclampf'
C:\VSProjects\MergeSortOpenGL\MergeSortOpenGL\MergeSortOpenGL.cpp(283,12): warning C4101: 'temp': unreferenced local variable
C:\VSProjects\MergeSortOpenGL\MergeSortOpenGL\MergeSortOpenGL.cpp(464,15): warning C4244: '=': conversion from 'double' to 'int', possible loss of data
C:\VSProjects\MergeSortOpenGL\MergeSortOpenGL\MergeSortOpenGL.cpp(484,20): warning C4244: '=': conversion from 'int' to 'float', possible loss of data
C:\VSProjects\MergeSortOpenGL\MergeSortOpenGL\MergeSortOpenGL.cpp(490,36): warning C4244: 'argument': conversion from 'double' to 'int', possible loss of data
  Generating code
  1 of 19 functions ( 5.3%) were compiled, the rest were copied from previous compilation.
    0 functions were new in current compilation
    0 functions had inline decision re-evaluated but remain unchanged
  Finished generating code
  MergeSortOpenGL.vcxproj -> C:\VSProjects\MergeSortOpenGL\x64\Release\MergeSortOpenGL.exe
